<?xml version="1.0" encoding="UTF-8"?>
<!-- Generated by org.testng.reporters.JUnitXMLReporter -->
<testsuite ignored="1" hostname="LW-KPrabhat" failures="0" tests="1" name="Test" time="6.002" errors="0" timestamp="09 May 2018 12:04:29 GMT">
  <testcase classname="com.aztec.Testcases.receiptPosting.NewTest" name="dummyTest" time="0.015"/>
  <testcase classname="com.aztec.Testcases.receiptPosting.DealReceiptPostingTest" name="doReceiptPosting" time="0.0">
    <ignored/>
  </testcase> <!-- doReceiptPosting -->
</testsuite> <!-- Test -->
